{"total": {"lines":{"total":872,"covered":731,"skipped":0,"pct":83.83},"statements":{"total":872,"covered":731,"skipped":0,"pct":83.83},"functions":{"total":39,"covered":31,"skipped":0,"pct":79.48},"branches":{"total":192,"covered":167,"skipped":0,"pct":86.97},"branchesTrue":{"total":0,"covered":0,"skipped":0,"pct":100}}
,"C:\\Gaston\\Projects\\Git repository\\projects\\projects\\reactiva\\src\\app\\(app)\\dashboard\\actions.ts": {"lines":{"total":48,"covered":43,"skipped":0,"pct":89.58},"functions":{"total":1,"covered":1,"skipped":0,"pct":100},"statements":{"total":48,"covered":43,"skipped":0,"pct":89.58},"branches":{"total":11,"covered":9,"skipped":0,"pct":81.81}}
,"C:\\Gaston\\Projects\\Git repository\\projects\\projects\\reactiva\\src\\app\\(app)\\onboarding\\actions.ts": {"lines":{"total":173,"covered":67,"skipped":0,"pct":38.72},"functions":{"total":6,"covered":2,"skipped":0,"pct":33.33},"statements":{"total":173,"covered":67,"skipped":0,"pct":38.72},"branches":{"total":21,"covered":17,"skipped":0,"pct":80.95}}
,"C:\\Gaston\\Projects\\Git repository\\projects\\projects\\reactiva\\src\\app\\qr\\[slug]\\actions.ts": {"lines":{"total":100,"covered":87,"skipped":0,"pct":87},"functions":{"total":2,"covered":2,"skipped":0,"pct":100},"statements":{"total":100,"covered":87,"skipped":0,"pct":87},"branches":{"total":26,"covered":21,"skipped":0,"pct":80.76}}
,"C:\\Gaston\\Projects\\Git repository\\projects\\projects\\reactiva\\src\\lib\\business-types.ts": {"lines":{"total":50,"covered":48,"skipped":0,"pct":96},"functions":{"total":2,"covered":1,"skipped":0,"pct":50},"statements":{"total":50,"covered":48,"skipped":0,"pct":96},"branches":{"total":2,"covered":2,"skipped":0,"pct":100}}
,"C:\\Gaston\\Projects\\Git repository\\projects\\projects\\reactiva\\src\\lib\\utils.ts": {"lines":{"total":4,"covered":4,"skipped":0,"pct":100},"functions":{"total":1,"covered":1,"skipped":0,"pct":100},"statements":{"total":4,"covered":4,"skipped":0,"pct":100},"branches":{"total":1,"covered":1,"skipped":0,"pct":100}}
,"C:\\Gaston\\Projects\\Git repository\\projects\\projects\\reactiva\\src\\lib\\customers\\queries.ts": {"lines":{"total":165,"covered":165,"skipped":0,"pct":100},"functions":{"total":6,"covered":6,"skipped":0,"pct":100},"statements":{"total":165,"covered":165,"skipped":0,"pct":100},"branches":{"total":51,"covered":41,"skipped":0,"pct":80.39}}
,"C:\\Gaston\\Projects\\Git repository\\projects\\projects\\reactiva\\src\\lib\\customers\\state.ts": {"lines":{"total":93,"covered":93,"skipped":0,"pct":100},"functions":{"total":4,"covered":4,"skipped":0,"pct":100},"statements":{"total":93,"covered":93,"skipped":0,"pct":100},"branches":{"total":34,"covered":32,"skipped":0,"pct":94.11}}
,"C:\\Gaston\\Projects\\Git repository\\projects\\projects\\reactiva\\src\\lib\\ratelimit\\index.ts": {"lines":{"total":32,"covered":32,"skipped":0,"pct":100},"functions":{"total":3,"covered":3,"skipped":0,"pct":100},"statements":{"total":32,"covered":32,"skipped":0,"pct":100},"branches":{"total":10,"covered":10,"skipped":0,"pct":100}}
,"C:\\Gaston\\Projects\\Git repository\\projects\\projects\\reactiva\\src\\lib\\supabase\\admin.ts": {"lines":{"total":16,"covered":16,"skipped":0,"pct":100},"functions":{"total":1,"covered":1,"skipped":0,"pct":100},"statements":{"total":16,"covered":16,"skipped":0,"pct":100},"branches":{"total":4,"covered":4,"skipped":0,"pct":100}}
,"C:\\Gaston\\Projects\\Git repository\\projects\\projects\\reactiva\\src\\lib\\supabase\\client.ts": {"lines":{"total":7,"covered":7,"skipped":0,"pct":100},"functions":{"total":1,"covered":1,"skipped":0,"pct":100},"statements":{"total":7,"covered":7,"skipped":0,"pct":100},"branches":{"total":1,"covered":1,"skipped":0,"pct":100}}
,"C:\\Gaston\\Projects\\Git repository\\projects\\projects\\reactiva\\src\\lib\\supabase\\middleware.ts": {"lines":{"total":52,"covered":44,"skipped":0,"pct":84.61},"functions":{"total":5,"covered":3,"skipped":0,"pct":60},"statements":{"total":52,"covered":44,"skipped":0,"pct":84.61},"branches":{"total":16,"covered":16,"skipped":0,"pct":100}}
,"C:\\Gaston\\Projects\\Git repository\\projects\\projects\\reactiva\\src\\lib\\supabase\\server.ts": {"lines":{"total":23,"covered":16,"skipped":0,"pct":69.56},"functions":{"total":3,"covered":2,"skipped":0,"pct":66.66},"statements":{"total":23,"covered":16,"skipped":0,"pct":69.56},"branches":{"total":2,"covered":2,"skipped":0,"pct":100}}
,"C:\\Gaston\\Projects\\Git repository\\projects\\projects\\reactiva\\src\\lib\\utils\\slug.ts": {"lines":{"total":21,"covered":21,"skipped":0,"pct":100},"functions":{"total":2,"covered":2,"skipped":0,"pct":100},"statements":{"total":21,"covered":21,"skipped":0,"pct":100},"branches":{"total":5,"covered":4,"skipped":0,"pct":80}}
,"C:\\Gaston\\Projects\\Git repository\\projects\\projects\\reactiva\\src\\lib\\validations\\auth.ts": {"lines":{"total":12,"covered":12,"skipped":0,"pct":100},"functions":{"total":0,"covered":0,"skipped":0,"pct":100},"statements":{"total":12,"covered":12,"skipped":0,"pct":100},"branches":{"total":0,"covered":0,"skipped":0,"pct":100}}
,"C:\\Gaston\\Projects\\Git repository\\projects\\projects\\reactiva\\src\\lib\\validations\\business.ts": {"lines":{"total":19,"covered":19,"skipped":0,"pct":100},"functions":{"total":0,"covered":0,"skipped":0,"pct":100},"statements":{"total":19,"covered":19,"skipped":0,"pct":100},"branches":{"total":0,"covered":0,"skipped":0,"pct":100}}
,"C:\\Gaston\\Projects\\Git repository\\projects\\projects\\reactiva\\src\\lib\\validations\\checkin.ts": {"lines":{"total":36,"covered":36,"skipped":0,"pct":100},"functions":{"total":2,"covered":2,"skipped":0,"pct":100},"statements":{"total":36,"covered":36,"skipped":0,"pct":100},"branches":{"total":7,"covered":6,"skipped":0,"pct":85.71}}
,"C:\\Gaston\\Projects\\Git repository\\projects\\projects\\reactiva\\src\\lib\\validations\\customer.ts": {"lines":{"total":13,"covered":13,"skipped":0,"pct":100},"functions":{"total":0,"covered":0,"skipped":0,"pct":100},"statements":{"total":13,"covered":13,"skipped":0,"pct":100},"branches":{"total":1,"covered":1,"skipped":0,"pct":100}}
,"C:\\Gaston\\Projects\\Git repository\\projects\\projects\\reactiva\\src\\lib\\validations\\service.ts": {"lines":{"total":8,"covered":8,"skipped":0,"pct":100},"functions":{"total":0,"covered":0,"skipped":0,"pct":100},"statements":{"total":8,"covered":8,"skipped":0,"pct":100},"branches":{"total":0,"covered":0,"skipped":0,"pct":100}}
}
